Arguments: 
  /Users/michaelmcmillan/.nvm/versions/node/v18.12.1/bin/node /usr/local/Cellar/yarn/1.16.0/libexec/bin/yarn.js install

PATH: 
  /Users/michaelmcmillan/.rvm/gems/ruby-2.5.1/bin:/Users/michaelmcmillan/.rvm/gems/ruby-2.5.1@global/bin:/Users/michaelmcmillan/.rvm/rubies/ruby-2.5.1/bin:/Users/michaelmcmillan/.nvm/versions/node/v18.12.1/bin:/usr/local/bin:/usr/bin:/bin:/usr/sbin:/sbin:/Library/Apple/usr/bin:/Applications/Postgres.app/Contents/Versions/latest/bin:/Users/michaelmcmillan/.rvm/bin

Yarn version: 
  1.16.0

Node version: 
  18.12.1

Platform: 
  darwin x64

Trace: 
  Error: EACCES: permission denied, mkdir '/Users/michaelmcmillan/src/michaelmcmillan.me/node_modules/@react-native-community/cli'

npm manifest: 
  {
    "name": "michaelmcmillan.me",
    "version": "0.1.0",
    "private": true,
    "engines": {
      "npm": "8.19.2",
      "node": "18.12.1"
    },
    "dependencies": {
      "@emotion/core": "^10.0.7",
      "@emotion/native": "^10.0.7",
      "@emotion/styled": "^10.0.7",
      "ajv": "^6.12.6",
      "bootstrap": "^4.3.0",
      "express": "^4.16.4",
      "express-favicon": "^2.0.1",
      "jquery": "^3.6.1",
      "path": "^0.12.7",
      "popper.js": "^1.14.7",
      "react": "^16.4.2",
      "react-anchor-link-smooth-scroll": "^1.0.11",
      "react-dom": "^16.4.2",
      "react-native": "^0.70.6",
      "react-router-dom": "^4.3.1",
      "react-router-native": "^4.3.0",
      "react-scripts": "^2.1.5",
      "react-scroll": "^1.7.10",
      "react-transition-group": "^2.5.3",
      "webfontloader": "^1.6.28"
    },
    "scripts": {
      "build": "react-scripts build",
      "eject": "react-scripts eject",
      "sass:watch": "sass --watch src/styles/scss:src/styles/css",
      "sass:build": "sass src/styles/scss:src/styles/css",
      "devstart": "react-scripts start",
      "start": "node server.js",
      "test": "react-scripts test --env=jsdom"
    },
    "devDependencies": {
      "sass": "^1.56.1"
    },
    "rnpm": {
      "assets": [
        "./src/fonts"
      ]
    },
    "heroku-run-build-script": true,
    "browserslist": [
      ">0.2%",
      "not dead",
      "not ie <= 11",
      "not op_mini all"
    ]
  }

yarn manifest: 
  No manifest

Lockfile: 
  No lockfile
